# JRE version: Java(TM) SE Runtime Environment (8.0_191-b12) (build 1.8.0_191-b12)
# Java VM: Java HotSpot(TM) 64-Bit Server VM (25.191-b12 mixed mode linux-amd64 compressed oops)
Heap:
 def new generation   total 69888K, used 0K [0x00000000f0800000, 0x00000000f53d0000, 0x00000000f5aa0000)
  eden space 62144K,   0% used [0x00000000f0800000, 0x00000000f0800000, 0x00000000f44b0000)
  from space 7744K,   0% used [0x00000000f4c40000, 0x00000000f4c40000, 0x00000000f53d0000)
  to   space 7744K,   0% used [0x00000000f44b0000, 0x00000000f44b0000, 0x00000000f4c40000)
 tenured generation   total 155156K, used 153196K [0x00000000f5aa0000, 0x00000000ff225000, 0x0000000100000000)
   the space 155156K,  98% used [0x00000000f5aa0000, 0x00000000ff03b050, 0x00000000ff03b200, 0x00000000ff225000)
 Metaspace       used 11290K, capacity 11528K, committed 11648K, reserved 1058816K
  class space    used 1296K, capacity 1390K, committed 1408K, reserved 1048576K
GC Heap History (10 events):
Event: 3.644 GC heap after
Heap after GC invocations=17 (full 4):
 def new generation   total 69888K, used 0K [0x00000000f0800000, 0x00000000f53d0000, 0x00000000f5aa0000)
  eden space 62144K,   0% used [0x00000000f0800000, 0x00000000f0800000, 0x00000000f44b0000)
  from space 7744K,   0% used [0x00000000f44b0000, 0x00000000f44b0000, 0x00000000f4c40000)
  to   space 7744K,   0% used [0x00000000f4c40000, 0x00000000f4c40000, 0x00000000f53d0000)
 tenured generation   total 155156K, used 93092K [0x00000000f5aa0000, 0x00000000ff225000, 0x0000000100000000)
   the space 155156K,  59% used [0x00000000f5aa0000, 0x00000000fb5893d8, 0x00000000fb589400, 0x00000000ff225000)
 Metaspace       used 11288K, capacity 11528K, committed 11648K, reserved 1058816K
  class space    used 1296K, capacity 1390K, committed 1408K, reserved 1048576K
}
Event: 3.744 GC heap before
{Heap before GC invocations=17 (full 4):
 def new generation   total 69888K, used 62144K [0x00000000f0800000, 0x00000000f53d0000, 0x00000000f5aa0000)
  eden space 62144K, 100% used [0x00000000f0800000, 0x00000000f44b0000, 0x00000000f44b0000)
  from space 7744K,   0% used [0x00000000f44b0000, 0x00000000f44b0000, 0x00000000f4c40000)
  to   space 7744K,   0% used [0x00000000f4c40000, 0x00000000f4c40000, 0x00000000f53d0000)
 tenured generation   total 155156K, used 93092K [0x00000000f5aa0000, 0x00000000ff225000, 0x0000000100000000)
   the space 155156K,  59% used [0x00000000f5aa0000, 0x00000000fb5893d8, 0x00000000fb589400, 0x00000000ff225000)
 Metaspace       used 11289K, capacity 11528K, committed 11648K, reserved 1058816K
  class space    used 1296K, capacity 1390K, committed 1408K, reserved 1048576K
Event: 3.828 GC heap after
Heap after GC invocations=18 (full 4):
 def new generation   total 69888K, used 0K [0x00000000f0800000, 0x00000000f53d0000, 0x00000000f5aa0000)
  eden space 62144K,   0% used [0x00000000f0800000, 0x00000000f0800000, 0x00000000f44b0000)
  from space 7744K,   0% used [0x00000000f4c40000, 0x00000000f4c40170, 0x00000000f53d0000)
  to   space 7744K,   0% used [0x00000000f44b0000, 0x00000000f44b0000, 0x00000000f4c40000)
 tenured generation   total 155156K, used 153194K [0x00000000f5aa0000, 0x00000000ff225000, 0x0000000100000000)
   the space 155156K,  98% used [0x00000000f5aa0000, 0x00000000ff03a968, 0x00000000ff03aa00, 0x00000000ff225000)
 Metaspace       used 11289K, capacity 11528K, committed 11648K, reserved 1058816K
  class space    used 1296K, capacity 1390K, committed 1408K, reserved 1048576K
}
Event: 3.879 GC heap before
{Heap before GC invocations=18 (full 4):
 def new generation   total 69888K, used 62144K [0x00000000f0800000, 0x00000000f53d0000, 0x00000000f5aa0000)
  eden space 62144K, 100% used [0x00000000f0800000, 0x00000000f44b0000, 0x00000000f44b0000)
  from space 7744K,   0% used [0x00000000f4c40000, 0x00000000f4c40170, 0x00000000f53d0000)
  to   space 7744K,   0% used [0x00000000f44b0000, 0x00000000f44b0000, 0x00000000f4c40000)
 tenured generation   total 155156K, used 153194K [0x00000000f5aa0000, 0x00000000ff225000, 0x0000000100000000)
   the space 155156K,  98% used [0x00000000f5aa0000, 0x00000000ff03a968, 0x00000000ff03aa00, 0x00000000ff225000)
 Metaspace       used 11289K, capacity 11528K, committed 11648K, reserved 1058816K
  class space    used 1296K, capacity 1390K, committed 1408K, reserved 1048576K
Event: 3.902 GC heap after
Heap after GC invocations=19 (full 5):
 def new generation   total 69888K, used 0K [0x00000000f0800000, 0x00000000f53d0000, 0x00000000f5aa0000)
  eden space 62144K,   0% used [0x00000000f0800000, 0x00000000f0800000, 0x00000000f44b0000)
  from space 7744K,   0% used [0x00000000f4c40000, 0x00000000f4c40000, 0x00000000f53d0000)
  to   space 7744K,   0% used [0x00000000f44b0000, 0x00000000f44b0000, 0x00000000f4c40000)
 tenured generation   total 155156K, used 93092K [0x00000000f5aa0000, 0x00000000ff225000, 0x0000000100000000)
   the space 155156K,  59% used [0x00000000f5aa0000, 0x00000000fb5893c8, 0x00000000fb589400, 0x00000000ff225000)
 Metaspace       used 11289K, capacity 11528K, committed 11648K, reserved 1058816K
  class space    used 1296K, capacity 1390K, committed 1408K, reserved 1048576K
}
Event: 4.865 GC heap before
{Heap before GC invocations=19 (full 5):
 def new generation   total 69888K, used 60417K [0x00000000f0800000, 0x00000000f53d0000, 0x00000000f5aa0000)
  eden space 62144K,  97% used [0x00000000f0800000, 0x00000000f4300430, 0x00000000f44b0000)
  from space 7744K,   0% used [0x00000000f4c40000, 0x00000000f4c40000, 0x00000000f53d0000)
  to   space 7744K,   0% used [0x00000000f44b0000, 0x00000000f44b0000, 0x00000000f4c40000)
 tenured generation   total 155156K, used 93092K [0x00000000f5aa0000, 0x00000000ff225000, 0x0000000100000000)
   the space 155156K,  59% used [0x00000000f5aa0000, 0x00000000fb5893c8, 0x00000000fb589400, 0x00000000ff225000)
 Metaspace       used 11290K, capacity 11528K, committed 11648K, reserved 1058816K
  class space    used 1296K, capacity 1390K, committed 1408K, reserved 1048576K
Event: 4.877 GC heap after
Heap after GC invocations=20 (full 5):
 def new generation   total 69888K, used 2K [0x00000000f0800000, 0x00000000f53d0000, 0x00000000f5aa0000)
  eden space 62144K,   0% used [0x00000000f0800000, 0x00000000f0800000, 0x00000000f44b0000)
  from space 7744K,   0% used [0x00000000f44b0000, 0x00000000f44b0858, 0x00000000f4c40000)
  to   space 7744K,   0% used [0x00000000f4c40000, 0x00000000f4c40000, 0x00000000f53d0000)
 tenured generation   total 155156K, used 123143K [0x00000000f5aa0000, 0x00000000ff225000, 0x0000000100000000)
   the space 155156K,  79% used [0x00000000f5aa0000, 0x00000000fd2e1ea0, 0x00000000fd2e2000, 0x00000000ff225000)
 Metaspace       used 11290K, capacity 11528K, committed 11648K, reserved 1058816K
  class space    used 1296K, capacity 1390K, committed 1408K, reserved 1048576K
}
Event: 4.883 GC heap before
{Heap before GC invocations=20 (full 5):
 def new generation   total 69888K, used 30708K [0x00000000f0800000, 0x00000000f53d0000, 0x00000000f5aa0000)
  eden space 62144K,  49% used [0x00000000f0800000, 0x00000000f25fc878, 0x00000000f44b0000)
  from space 7744K,   0% used [0x00000000f44b0000, 0x00000000f44b0858, 0x00000000f4c40000)
  to   space 7744K,   0% used [0x00000000f4c40000, 0x00000000f4c40000, 0x00000000f53d0000)
 tenured generation   total 155156K, used 123143K [0x00000000f5aa0000, 0x00000000ff225000, 0x0000000100000000)
   the space 155156K,  79% used [0x00000000f5aa0000, 0x00000000fd2e1ea0, 0x00000000fd2e2000, 0x00000000ff225000)
 Metaspace       used 11290K, capacity 11528K, committed 11648K, reserved 1058816K
  class space    used 1296K, capacity 1390K, committed 1408K, reserved 1048576K
Event: 4.888 GC heap after
Heap after GC invocations=21 (full 5):
 def new generation   total 69888K, used 2K [0x00000000f0800000, 0x00000000f53d0000, 0x00000000f5aa0000)
  eden space 62144K,   0% used [0x00000000f0800000, 0x00000000f0800000, 0x00000000f44b0000)
  from space 7744K,   0% used [0x00000000f4c40000, 0x00000000f4c40858, 0x00000000f53d0000)
  to   space 7744K,   0% used [0x00000000f44b0000, 0x00000000f44b0000, 0x00000000f4c40000)
 tenured generation   total 155156K, used 153194K [0x00000000f5aa0000, 0x00000000ff225000, 0x0000000100000000)
   the space 155156K,  98% used [0x00000000f5aa0000, 0x00000000ff03a970, 0x00000000ff03aa00, 0x00000000ff225000)
 Metaspace       used 11290K, capacity 11528K, committed 11648K, reserved 1058816K
  class space    used 1296K, capacity 1390K, committed 1408K, reserved 1048576K
}
Event: 5.004 GC heap before
{Heap before GC invocations=21 (full 5):
 def new generation   total 69888K, used 62146K [0x00000000f0800000, 0x00000000f53d0000, 0x00000000f5aa0000)
  eden space 62144K, 100% used [0x00000000f0800000, 0x00000000f44b0000, 0x00000000f44b0000)
  from space 7744K,   0% used [0x00000000f4c40000, 0x00000000f4c40858, 0x00000000f53d0000)
  to   space 7744K,   0% used [0x00000000f44b0000, 0x00000000f44b0000, 0x00000000f4c40000)
 tenured generation   total 155156K, used 153194K [0x00000000f5aa0000, 0x00000000ff225000, 0x0000000100000000)
   the space 155156K,  98% used [0x00000000f5aa0000, 0x00000000ff03a970, 0x00000000ff03aa00, 0x00000000ff225000)
 Metaspace       used 11290K, capacity 11528K, committed 11648K, reserved 1058816K
  class space    used 1296K, capacity 1390K, committed 1408K, reserved 1048576K

