# JRE version: Java(TM) SE Runtime Environment (8.0_191-b12) (build 1.8.0_191-b12)
# Java VM: Java HotSpot(TM) 64-Bit Server VM (25.191-b12 mixed mode linux-amd64 compressed oops)
Heap:
 def new generation   total 69888K, used 30052K [0x00000000f0800000, 0x00000000f53d0000, 0x00000000f5aa0000)
  eden space 62144K,  48% used [0x00000000f0800000, 0x00000000f25590a8, 0x00000000f44b0000)
  from space 7744K,   0% used [0x00000000f4c40000, 0x00000000f4c40000, 0x00000000f53d0000)
  to   space 7744K,   0% used [0x00000000f44b0000, 0x00000000f44b0000, 0x00000000f4c40000)
 tenured generation   total 155156K, used 153193K [0x00000000f5aa0000, 0x00000000ff225000, 0x0000000100000000)
   the space 155156K,  98% used [0x00000000f5aa0000, 0x00000000ff03a708, 0x00000000ff03a800, 0x00000000ff225000)
 Metaspace       used 11271K, capacity 11464K, committed 11648K, reserved 1058816K
  class space    used 1298K, capacity 1390K, committed 1408K, reserved 1048576K
GC Heap History (10 events):
Event: 2.972 GC heap after
Heap after GC invocations=14 (full 2):
 def new generation   total 26176K, used 0K [0x00000000f0800000, 0x00000000f2460000, 0x00000000f5aa0000)
  eden space 23296K,   0% used [0x00000000f0800000, 0x00000000f0800000, 0x00000000f1ec0000)
  from space 2880K,   0% used [0x00000000f1ec0000, 0x00000000f1ec0000, 0x00000000f2190000)
  to   space 2880K,   0% used [0x00000000f2190000, 0x00000000f2190000, 0x00000000f2460000)
 tenured generation   total 58028K, used 34814K [0x00000000f5aa0000, 0x00000000f934b000, 0x0000000100000000)
   the space 58028K,  59% used [0x00000000f5aa0000, 0x00000000f7c9fb20, 0x00000000f7c9fc00, 0x00000000f934b000)
 Metaspace       used 11258K, capacity 11464K, committed 11648K, reserved 1058816K
  class space    used 1297K, capacity 1390K, committed 1408K, reserved 1048576K
}
Event: 3.692 GC heap before
{Heap before GC invocations=14 (full 2):
 def new generation   total 26176K, used 23281K [0x00000000f0800000, 0x00000000f2460000, 0x00000000f5aa0000)
  eden space 23296K,  99% used [0x00000000f0800000, 0x00000000f1ebc580, 0x00000000f1ec0000)
  from space 2880K,   0% used [0x00000000f1ec0000, 0x00000000f1ec0000, 0x00000000f2190000)
  to   space 2880K,   0% used [0x00000000f2190000, 0x00000000f2190000, 0x00000000f2460000)
 tenured generation   total 88080K, used 64865K [0x00000000f5aa0000, 0x00000000fb0a4000, 0x0000000100000000)
   the space 88080K,  73% used [0x00000000f5aa0000, 0x00000000f99f85f8, 0x00000000f99f8600, 0x00000000fb0a4000)
 Metaspace       used 11258K, capacity 11464K, committed 11648K, reserved 1058816K
  class space    used 1297K, capacity 1390K, committed 1408K, reserved 1048576K
Event: 3.692 GC heap after
Heap after GC invocations=15 (full 2):
 def new generation   total 26176K, used 1K [0x00000000f0800000, 0x00000000f2460000, 0x00000000f5aa0000)
  eden space 23296K,   0% used [0x00000000f0800000, 0x00000000f0800000, 0x00000000f1ec0000)
  from space 2880K,   0% used [0x00000000f2190000, 0x00000000f2190600, 0x00000000f2460000)
  to   space 2880K,   0% used [0x00000000f1ec0000, 0x00000000f1ec0000, 0x00000000f2190000)
 tenured generation   total 88080K, used 64865K [0x00000000f5aa0000, 0x00000000fb0a4000, 0x0000000100000000)
   the space 88080K,  73% used [0x00000000f5aa0000, 0x00000000f99f85f8, 0x00000000f99f8600, 0x00000000fb0a4000)
 Metaspace       used 11258K, capacity 11464K, committed 11648K, reserved 1058816K
  class space    used 1297K, capacity 1390K, committed 1408K, reserved 1048576K
}
Event: 3.898 GC heap before
{Heap before GC invocations=15 (full 2):
 def new generation   total 26176K, used 7178K [0x00000000f0800000, 0x00000000f2460000, 0x00000000f5aa0000)
  eden space 23296K,  30% used [0x00000000f0800000, 0x00000000f0f02410, 0x00000000f1ec0000)
  from space 2880K,   0% used [0x00000000f2190000, 0x00000000f2190600, 0x00000000f2460000)
  to   space 2880K,   0% used [0x00000000f1ec0000, 0x00000000f1ec0000, 0x00000000f2190000)
 tenured generation   total 88080K, used 64865K [0x00000000f5aa0000, 0x00000000fb0a4000, 0x0000000100000000)
   the space 88080K,  73% used [0x00000000f5aa0000, 0x00000000f99f85f8, 0x00000000f99f8600, 0x00000000fb0a4000)
 Metaspace       used 11270K, capacity 11464K, committed 11648K, reserved 1058816K
  class space    used 1298K, capacity 1390K, committed 1408K, reserved 1048576K
Event: 3.908 GC heap after
Heap after GC invocations=16 (full 3):
 def new generation   total 48704K, used 0K [0x00000000f0800000, 0x00000000f3cd0000, 0x00000000f5aa0000)
  eden space 43328K,   0% used [0x00000000f0800000, 0x00000000f0800000, 0x00000000f3250000)
  from space 5376K,   0% used [0x00000000f3250000, 0x00000000f3250000, 0x00000000f3790000)
  to   space 5376K,   0% used [0x00000000f3790000, 0x00000000f3790000, 0x00000000f3cd0000)
 tenured generation   total 108124K, used 64874K [0x00000000f5aa0000, 0x00000000fc437000, 0x0000000100000000)
   the space 108124K,  59% used [0x00000000f5aa0000, 0x00000000f99fa920, 0x00000000f99faa00, 0x00000000fc437000)
 Metaspace       used 11270K, capacity 11464K, committed 11648K, reserved 1058816K
  class space    used 1298K, capacity 1390K, committed 1408K, reserved 1048576K
}
Event: 3.917 GC heap before
{Heap before GC invocations=16 (full 3):
 def new generation   total 48704K, used 30895K [0x00000000f0800000, 0x00000000f3cd0000, 0x00000000f5aa0000)
  eden space 43328K,  71% used [0x00000000f0800000, 0x00000000f262bd08, 0x00000000f3250000)
  from space 5376K,   0% used [0x00000000f3250000, 0x00000000f3250000, 0x00000000f3790000)
  to   space 5376K,   0% used [0x00000000f3790000, 0x00000000f3790000, 0x00000000f3cd0000)
 tenured generation   total 108124K, used 64874K [0x00000000f5aa0000, 0x00000000fc437000, 0x0000000100000000)
   the space 108124K,  59% used [0x00000000f5aa0000, 0x00000000f99fa920, 0x00000000f99faa00, 0x00000000fc437000)
 Metaspace       used 11270K, capacity 11464K, committed 11648K, reserved 1058816K
  class space    used 1298K, capacity 1390K, committed 1408K, reserved 1048576K
Event: 3.961 GC heap after
Heap after GC invocations=17 (full 4):
 def new generation   total 69888K, used 0K [0x00000000f0800000, 0x00000000f53d0000, 0x00000000f5aa0000)
  eden space 62144K,   0% used [0x00000000f0800000, 0x00000000f0800000, 0x00000000f44b0000)
  from space 7744K,   0% used [0x00000000f44b0000, 0x00000000f44b0000, 0x00000000f4c40000)
  to   space 7744K,   0% used [0x00000000f4c40000, 0x00000000f4c40000, 0x00000000f53d0000)
 tenured generation   total 155156K, used 93092K [0x00000000f5aa0000, 0x00000000ff225000, 0x0000000100000000)
   the space 155156K,  59% used [0x00000000f5aa0000, 0x00000000fb589178, 0x00000000fb589200, 0x00000000ff225000)
 Metaspace       used 11270K, capacity 11464K, committed 11648K, reserved 1058816K
  class space    used 1298K, capacity 1390K, committed 1408K, reserved 1048576K
}
Event: 3.992 GC heap before
{Heap before GC invocations=17 (full 4):
 def new generation   total 69888K, used 61688K [0x00000000f0800000, 0x00000000f53d0000, 0x00000000f5aa0000)
  eden space 62144K,  99% used [0x00000000f0800000, 0x00000000f443e2b8, 0x00000000f44b0000)
  from space 7744K,   0% used [0x00000000f44b0000, 0x00000000f44b0000, 0x00000000f4c40000)
  to   space 7744K,   0% used [0x00000000f4c40000, 0x00000000f4c40000, 0x00000000f53d0000)
 tenured generation   total 155156K, used 93092K [0x00000000f5aa0000, 0x00000000ff225000, 0x0000000100000000)
   the space 155156K,  59% used [0x00000000f5aa0000, 0x00000000fb589178, 0x00000000fb589200, 0x00000000ff225000)
 Metaspace       used 11271K, capacity 11464K, committed 11648K, reserved 1058816K
  class space    used 1298K, capacity 1390K, committed 1408K, reserved 1048576K
Event: 4.088 GC heap after
Heap after GC invocations=18 (full 4):
 def new generation   total 69888K, used 1K [0x00000000f0800000, 0x00000000f53d0000, 0x00000000f5aa0000)
  eden space 62144K,   0% used [0x00000000f0800000, 0x00000000f0800000, 0x00000000f44b0000)
  from space 7744K,   0% used [0x00000000f4c40000, 0x00000000f4c40480, 0x00000000f53d0000)
  to   space 7744K,   0% used [0x00000000f44b0000, 0x00000000f44b0000, 0x00000000f4c40000)
 tenured generation   total 155156K, used 153193K [0x00000000f5aa0000, 0x00000000ff225000, 0x0000000100000000)
   the space 155156K,  98% used [0x00000000f5aa0000, 0x00000000ff03a708, 0x00000000ff03a800, 0x00000000ff225000)
 Metaspace       used 11271K, capacity 11464K, committed 11648K, reserved 1058816K
  class space    used 1298K, capacity 1390K, committed 1408K, reserved 1048576K
}
Event: 4.207 GC heap before
{Heap before GC invocations=18 (full 4):
 def new generation   total 69888K, used 34207K [0x00000000f0800000, 0x00000000f53d0000, 0x00000000f5aa0000)
  eden space 62144K,  55% used [0x00000000f0800000, 0x00000000f2967a40, 0x00000000f44b0000)
  from space 7744K,   0% used [0x00000000f4c40000, 0x00000000f4c40480, 0x00000000f53d0000)
  to   space 7744K,   0% used [0x00000000f44b0000, 0x00000000f44b0000, 0x00000000f4c40000)
 tenured generation   total 155156K, used 153193K [0x00000000f5aa0000, 0x00000000ff225000, 0x0000000100000000)
   the space 155156K,  98% used [0x00000000f5aa0000, 0x00000000ff03a708, 0x00000000ff03a800, 0x00000000ff225000)
 Metaspace       used 11271K, capacity 11464K, committed 11648K, reserved 1058816K
  class space    used 1298K, capacity 1390K, committed 1408K, reserved 1048576K

