# JRE version: Java(TM) SE Runtime Environment (8.0_191-b12) (build 1.8.0_191-b12)
# Java VM: Java HotSpot(TM) 64-Bit Server VM (25.191-b12 mixed mode linux-amd64 compressed oops)
Heap:
 def new generation   total 69888K, used 60961K [0x00000000f0800000, 0x00000000f53d0000, 0x00000000f5aa0000)
  eden space 62144K,  98% used [0x00000000f0800000, 0x00000000f4388180, 0x00000000f44b0000)
  from space 7744K,   0% used [0x00000000f4c40000, 0x00000000f4c404a8, 0x00000000f53d0000)
  to   space 7744K,   0% used [0x00000000f44b0000, 0x00000000f44b0020, 0x00000000f4c40000)
 tenured generation   total 155156K, used 123144K [0x00000000f5aa0000, 0x00000000ff225000, 0x0000000100000000)
   the space 155156K,  79% used [0x00000000f5aa0000, 0x00000000fd2e2110, 0x00000000fd2e2200, 0x00000000ff225000)
 Metaspace       used 11300K, capacity 11532K, committed 11648K, reserved 1058816K
  class space    used 1298K, capacity 1390K, committed 1408K, reserved 1048576K
GC Heap History (10 events):
Event: 3.038 GC heap after
Heap after GC invocations=16 (full 4):
 def new generation   total 69888K, used 0K [0x00000000f0800000, 0x00000000f53d0000, 0x00000000f5aa0000)
  eden space 62144K,   0% used [0x00000000f0800000, 0x00000000f0800000, 0x00000000f44b0000)
  from space 7744K,   0% used [0x00000000f44b0000, 0x00000000f44b0000, 0x00000000f4c40000)
  to   space 7744K,   0% used [0x00000000f4c40000, 0x00000000f4c40000, 0x00000000f53d0000)
 tenured generation   total 155156K, used 93092K [0x00000000f5aa0000, 0x00000000ff225000, 0x0000000100000000)
   the space 155156K,  59% used [0x00000000f5aa0000, 0x00000000fb589090, 0x00000000fb589200, 0x00000000ff225000)
 Metaspace       used 11298K, capacity 11532K, committed 11648K, reserved 1058816K
  class space    used 1298K, capacity 1390K, committed 1408K, reserved 1048576K
}
Event: 3.096 GC heap before
{Heap before GC invocations=16 (full 4):
 def new generation   total 69888K, used 62144K [0x00000000f0800000, 0x00000000f53d0000, 0x00000000f5aa0000)
  eden space 62144K, 100% used [0x00000000f0800000, 0x00000000f44b0000, 0x00000000f44b0000)
  from space 7744K,   0% used [0x00000000f44b0000, 0x00000000f44b0000, 0x00000000f4c40000)
  to   space 7744K,   0% used [0x00000000f4c40000, 0x00000000f4c40000, 0x00000000f53d0000)
 tenured generation   total 155156K, used 93092K [0x00000000f5aa0000, 0x00000000ff225000, 0x0000000100000000)
   the space 155156K,  59% used [0x00000000f5aa0000, 0x00000000fb589090, 0x00000000fb589200, 0x00000000ff225000)
 Metaspace       used 11299K, capacity 11532K, committed 11648K, reserved 1058816K
  class space    used 1298K, capacity 1390K, committed 1408K, reserved 1048576K
Event: 3.203 GC heap after
Heap after GC invocations=17 (full 4):
 def new generation   total 69888K, used 1K [0x00000000f0800000, 0x00000000f53d0000, 0x00000000f5aa0000)
  eden space 62144K,   0% used [0x00000000f0800000, 0x00000000f0800000, 0x00000000f44b0000)
  from space 7744K,   0% used [0x00000000f4c40000, 0x00000000f4c405c0, 0x00000000f53d0000)
  to   space 7744K,   0% used [0x00000000f44b0000, 0x00000000f44b0000, 0x00000000f4c40000)
 tenured generation   total 155156K, used 153193K [0x00000000f5aa0000, 0x00000000ff225000, 0x0000000100000000)
   the space 155156K,  98% used [0x00000000f5aa0000, 0x00000000ff03a620, 0x00000000ff03a800, 0x00000000ff225000)
 Metaspace       used 11299K, capacity 11532K, committed 11648K, reserved 1058816K
  class space    used 1298K, capacity 1390K, committed 1408K, reserved 1048576K
}
Event: 3.306 GC heap before
{Heap before GC invocations=17 (full 4):
 def new generation   total 69888K, used 3585K [0x00000000f0800000, 0x00000000f53d0000, 0x00000000f5aa0000)
  eden space 62144K,   5% used [0x00000000f0800000, 0x00000000f0b7ffa8, 0x00000000f44b0000)
  from space 7744K,   0% used [0x00000000f4c40000, 0x00000000f4c405c0, 0x00000000f53d0000)
  to   space 7744K,   0% used [0x00000000f44b0000, 0x00000000f44b0000, 0x00000000f4c40000)
 tenured generation   total 155156K, used 153193K [0x00000000f5aa0000, 0x00000000ff225000, 0x0000000100000000)
   the space 155156K,  98% used [0x00000000f5aa0000, 0x00000000ff03a620, 0x00000000ff03a800, 0x00000000ff225000)
 Metaspace       used 11299K, capacity 11532K, committed 11648K, reserved 1058816K
  class space    used 1298K, capacity 1390K, committed 1408K, reserved 1048576K
Event: 3.309 GC heap after
Heap after GC invocations=18 (full 4):
 def new generation   total 69888K, used 1K [0x00000000f0800000, 0x00000000f53d0000, 0x00000000f5aa0000)
  eden space 62144K,   0% used [0x00000000f0800000, 0x00000000f0800000, 0x00000000f44b0000)
  from space 7744K,   0% used [0x00000000f44b0000, 0x00000000f44b0748, 0x00000000f4c40000)
  to   space 7744K,   0% used [0x00000000f4c40000, 0x00000000f4c40000, 0x00000000f53d0000)
 tenured generation   total 155156K, used 153193K [0x00000000f5aa0000, 0x00000000ff225000, 0x0000000100000000)
   the space 155156K,  98% used [0x00000000f5aa0000, 0x00000000ff03a620, 0x00000000ff03a800, 0x00000000ff225000)
 Metaspace       used 11299K, capacity 11532K, committed 11648K, reserved 1058816K
  class space    used 1298K, capacity 1390K, committed 1408K, reserved 1048576K
}
Event: 3.373 GC heap before
{Heap before GC invocations=18 (full 4):
 def new generation   total 69888K, used 62145K [0x00000000f0800000, 0x00000000f53d0000, 0x00000000f5aa0000)
  eden space 62144K, 100% used [0x00000000f0800000, 0x00000000f44b0000, 0x00000000f44b0000)
  from space 7744K,   0% used [0x00000000f44b0000, 0x00000000f44b0748, 0x00000000f4c40000)
  to   space 7744K,   0% used [0x00000000f4c40000, 0x00000000f4c40000, 0x00000000f53d0000)
 tenured generation   total 155156K, used 153193K [0x00000000f5aa0000, 0x00000000ff225000, 0x0000000100000000)
   the space 155156K,  98% used [0x00000000f5aa0000, 0x00000000ff03a620, 0x00000000ff03a800, 0x00000000ff225000)
 Metaspace       used 11299K, capacity 11532K, committed 11648K, reserved 1058816K
  class space    used 1298K, capacity 1390K, committed 1408K, reserved 1048576K
Event: 3.401 GC heap after
Heap after GC invocations=19 (full 5):
 def new generation   total 69888K, used 0K [0x00000000f0800000, 0x00000000f53d0000, 0x00000000f5aa0000)
  eden space 62144K,   0% used [0x00000000f0800000, 0x00000000f0800000, 0x00000000f44b0000)
  from space 7744K,   0% used [0x00000000f44b0000, 0x00000000f44b0000, 0x00000000f4c40000)
  to   space 7744K,   0% used [0x00000000f4c40000, 0x00000000f4c40000, 0x00000000f53d0000)
 tenured generation   total 155156K, used 93093K [0x00000000f5aa0000, 0x00000000ff225000, 0x0000000100000000)
   the space 155156K,  59% used [0x00000000f5aa0000, 0x00000000fb589640, 0x00000000fb589800, 0x00000000ff225000)
 Metaspace       used 11299K, capacity 11532K, committed 11648K, reserved 1058816K
  class space    used 1298K, capacity 1390K, committed 1408K, reserved 1048576K
}
Event: 4.337 GC heap before
{Heap before GC invocations=19 (full 5):
 def new generation   total 69888K, used 55998K [0x00000000f0800000, 0x00000000f53d0000, 0x00000000f5aa0000)
  eden space 62144K,  90% used [0x00000000f0800000, 0x00000000f3eaf888, 0x00000000f44b0000)
  from space 7744K,   0% used [0x00000000f44b0000, 0x00000000f44b0000, 0x00000000f4c40000)
  to   space 7744K,   0% used [0x00000000f4c40000, 0x00000000f4c40000, 0x00000000f53d0000)
 tenured generation   total 155156K, used 93093K [0x00000000f5aa0000, 0x00000000ff225000, 0x0000000100000000)
   the space 155156K,  59% used [0x00000000f5aa0000, 0x00000000fb589640, 0x00000000fb589800, 0x00000000ff225000)
 Metaspace       used 11300K, capacity 11532K, committed 11648K, reserved 1058816K
  class space    used 1298K, capacity 1390K, committed 1408K, reserved 1048576K
Event: 4.345 GC heap after
Heap after GC invocations=20 (full 5):
 def new generation   total 69888K, used 1K [0x00000000f0800000, 0x00000000f53d0000, 0x00000000f5aa0000)
  eden space 62144K,   0% used [0x00000000f0800000, 0x00000000f0800000, 0x00000000f44b0000)
  from space 7744K,   0% used [0x00000000f4c40000, 0x00000000f4c404a8, 0x00000000f53d0000)
  to   space 7744K,   0% used [0x00000000f44b0000, 0x00000000f44b0000, 0x00000000f4c40000)
 tenured generation   total 155156K, used 123144K [0x00000000f5aa0000, 0x00000000ff225000, 0x0000000100000000)
   the space 155156K,  79% used [0x00000000f5aa0000, 0x00000000fd2e2110, 0x00000000fd2e2200, 0x00000000ff225000)
 Metaspace       used 11300K, capacity 11532K, committed 11648K, reserved 1058816K
  class space    used 1298K, capacity 1390K, committed 1408K, reserved 1048576K
}
Event: 4.405 GC heap before
{Heap before GC invocations=20 (full 5):
 def new generation   total 69888K, used 60961K [0x00000000f0800000, 0x00000000f53d0000, 0x00000000f5aa0000)
  eden space 62144K,  98% used [0x00000000f0800000, 0x00000000f4388180, 0x00000000f44b0000)
  from space 7744K,   0% used [0x00000000f4c40000, 0x00000000f4c404a8, 0x00000000f53d0000)
  to   space 7744K,   0% used [0x00000000f44b0000, 0x00000000f44b0000, 0x00000000f4c40000)
 tenured generation   total 155156K, used 123144K [0x00000000f5aa0000, 0x00000000ff225000, 0x0000000100000000)
   the space 155156K,  79% used [0x00000000f5aa0000, 0x00000000fd2e2110, 0x00000000fd2e2200, 0x00000000ff225000)
 Metaspace       used 11300K, capacity 11532K, committed 11648K, reserved 1058816K
  class space    used 1298K, capacity 1390K, committed 1408K, reserved 1048576K

